<?xml version="1.0" encoding="UTF-8"?>
<!-- Generated by org.testng.reporters.JUnitXMLReporter -->
<testsuite ignored="46" hostname="LapWinX-DAC94" failures="11" tests="24" name="Test" time="216.567" errors="0" timestamp="2023-06-15T01:12:58 IST">
  <testcase classname="Test_Package.TC_01_Login_with_Blank_UserName_and_Blank_Password" name="Login_with_Blank_UserName_and_Blank_Password" time="2.847"/>
  <testcase classname="Test_Package.TC_02_Login_with_Blank_UserName_and_Password" name="Login_with_Blank_UserName_and_Blank_Password" time="0.616"/>
  <testcase classname="Test_Package.TC_03_Login_with_UserName_and_Blank_Password2" name="Login_with_UserName_and_Blank_Password" time="0.727">
    <failure type="java.lang.AssertionError" message="null">
      <![CDATA[java.lang.AssertionError: null
at Test_Package.TC_03_Login_with_UserName_and_Blank_Password2.Login_with_UserName_and_Blank_Password(TC_03_Login_with_UserName_and_Blank_Password2.java:42)
at java.base/java.util.ArrayList.forEach(ArrayList.java:1511)
... Removed 29 stack frames]]>
    </failure>
  </testcase> <!-- Login_with_UserName_and_Blank_Password -->
  <testcase classname="Test_Package.TC_04_Login_with_Wrong_UserName_and_Wrong_Password" name="Login_with_Wrong_UserName_and_Wrong_Password" time="0.714"/>
  <testcase classname="Test_Package.TC_05_Login_with_Wrong_UserName_and_Password" name="Login_with_Wrong_UserName_and_Password" time="0.633">
    <failure type="java.lang.AssertionError" message="null">
      <![CDATA[java.lang.AssertionError: null
at Test_Package.TC_05_Login_with_Wrong_UserName_and_Password.Login_with_Wrong_UserName_and_Password(TC_05_Login_with_Wrong_UserName_and_Password.java:42)
at java.base/java.util.ArrayList.forEach(ArrayList.java:1511)
... Removed 29 stack frames]]>
    </failure>
  </testcase> <!-- Login_with_Wrong_UserName_and_Password -->
  <testcase classname="Test_Package.TC_06_Login_with_UserName_and_Wrong_Password" name="Login_with_Wrong_UserName_and_Password" time="30.833">
    <failure type="org.openqa.selenium.NoSuchElementException" message="no such element: Unable to locate element: {&amp;quot;method&amp;quot;:&amp;quot;xpath&amp;quot;,&amp;quot;selector&amp;quot;:&amp;quot;//h3[@data-test=&amp;apos;error&amp;apos;]&amp;quot;}
  (Session info: chrome=114.0.5735.110)
For documentation on this error, please visit: https://www.seleniumhq.org/exceptions/no_such_element.html
Build info: version: &amp;apos;3.141.59&amp;apos;, revision: &amp;apos;e82be7d358&amp;apos;, time: &amp;apos;2018-11-14T08:17:03&amp;apos;
System info: host: &amp;apos;LAPWINX-DAC94&amp;apos;, ip: &amp;apos;192.168.18.42&amp;apos;, os.name: &amp;apos;Windows 10&amp;apos;, os.arch: &amp;apos;amd64&amp;apos;, os.version: &amp;apos;10.0&amp;apos;, java.version: &amp;apos;17.0.6&amp;apos;
Driver info: org.openqa.selenium.chrome.ChromeDriver
Capabilities {acceptInsecureCerts: false, browserName: chrome, browserVersion: 114.0.5735.110, chrome: {chromedriverVersion: 114.0.5735.90 (386bc09e8f4f..., userDataDir: C:\Users\SREERA~1\AppData\L...}, goog:chromeOptions: {debuggerAddress: localhost:52872}, javascriptEnabled: true, networkConnectionEnabled: false, pageLoadStrategy: normal, platform: WINDOWS, platformName: WINDOWS, proxy: Proxy(), setWindowRect: true, strictFileInteractability: false, timeouts: {implicit: 0, pageLoad: 300000, script: 30000}, unhandledPromptBehavior: dismiss and notify, webauthn:extension:credBlob: true, webauthn:extension:largeBlob: true, webauthn:extension:minPinLength: true, webauthn:extension:prf: true, webauthn:virtualAuthenticators: true}
Session ID: 03d83cfb5b31d3f692784bb674522754
*** Element info: {Using=xpath, value=//h3[@data-test=&amp;apos;error&amp;apos;]}">
      <![CDATA[org.openqa.selenium.NoSuchElementException: no such element: Unable to locate element: {"method":"xpath","selector":"//h3[@data-test='error']"}
  (Session info: chrome=114.0.5735.110)
For documentation on this error, please visit: https://www.seleniumhq.org/exceptions/no_such_element.html
Build info: version: '3.141.59', revision: 'e82be7d358', time: '2018-11-14T08:17:03'
System info: host: 'LAPWINX-DAC94', ip: '192.168.18.42', os.name: 'Windows 10', os.arch: 'amd64', os.version: '10.0', java.version: '17.0.6'
Driver info: org.openqa.selenium.chrome.ChromeDriver
Capabilities {acceptInsecureCerts: false, browserName: chrome, browserVersion: 114.0.5735.110, chrome: {chromedriverVersion: 114.0.5735.90 (386bc09e8f4f..., userDataDir: C:\Users\SREERA~1\AppData\L...}, goog:chromeOptions: {debuggerAddress: localhost:52872}, javascriptEnabled: true, networkConnectionEnabled: false, pageLoadStrategy: normal, platform: WINDOWS, platformName: WINDOWS, proxy: Proxy(), setWindowRect: true, strictFileInteractability: false, timeouts: {implicit: 0, pageLoad: 300000, script: 30000}, unhandledPromptBehavior: dismiss and notify, webauthn:extension:credBlob: true, webauthn:extension:largeBlob: true, webauthn:extension:minPinLength: true, webauthn:extension:prf: true, webauthn:virtualAuthenticators: true}
Session ID: 03d83cfb5b31d3f692784bb674522754
*** Element info: {Using=xpath, value=//h3[@data-test='error']}
at org.openqa.selenium.remote.http.W3CHttpResponseCodec.createException(W3CHttpResponseCodec.java:187)
at org.openqa.selenium.remote.http.W3CHttpResponseCodec.decode(W3CHttpResponseCodec.java:122)
at org.openqa.selenium.remote.http.W3CHttpResponseCodec.decode(W3CHttpResponseCodec.java:49)
at org.openqa.selenium.remote.HttpCommandExecutor.execute(HttpCommandExecutor.java:158)
at org.openqa.selenium.remote.service.DriverCommandExecutor.execute(DriverCommandExecutor.java:83)
at org.openqa.selenium.remote.RemoteWebDriver.execute(RemoteWebDriver.java:552)
at org.openqa.selenium.remote.RemoteWebDriver.findElement(RemoteWebDriver.java:323)
at org.openqa.selenium.remote.RemoteWebDriver.findElementByXPath(RemoteWebDriver.java:428)
at org.openqa.selenium.By$ByXPath.findElement(By.java:353)
at org.openqa.selenium.remote.RemoteWebDriver.findElement(RemoteWebDriver.java:315)
at org.openqa.selenium.support.pagefactory.DefaultElementLocator.findElement(DefaultElementLocator.java:69)
at org.openqa.selenium.support.pagefactory.internal.LocatingElementHandler.invoke(LocatingElementHandler.java:38)
at jdk.proxy2/jdk.proxy2.$Proxy12.getText(Unknown Source)
at Test_Package.TC_06_Login_with_UserName_and_Wrong_Password.Login_with_Wrong_UserName_and_Password(TC_06_Login_with_UserName_and_Wrong_Password.java:26)
at java.base/java.util.ArrayList.forEach(ArrayList.java:1511)
... Removed 32 stack frames]]>
    </failure>
  </testcase> <!-- Login_with_Wrong_UserName_and_Password -->
  <testcase classname="Test_Package.TC_07_Login_with_valid_UserName_and_Valid_Password" name="Login_with_valid_UserName_and_Valid_Password" time="30.111">
    <failure type="org.openqa.selenium.NoSuchElementException" message="no such element: Unable to locate element: {&amp;quot;method&amp;quot;:&amp;quot;xpath&amp;quot;,&amp;quot;selector&amp;quot;:&amp;quot;//input[@name=&amp;apos;user-name&amp;apos;]&amp;quot;}
  (Session info: chrome=114.0.5735.110)
For documentation on this error, please visit: https://www.seleniumhq.org/exceptions/no_such_element.html
Build info: version: &amp;apos;3.141.59&amp;apos;, revision: &amp;apos;e82be7d358&amp;apos;, time: &amp;apos;2018-11-14T08:17:03&amp;apos;
System info: host: &amp;apos;LAPWINX-DAC94&amp;apos;, ip: &amp;apos;192.168.18.42&amp;apos;, os.name: &amp;apos;Windows 10&amp;apos;, os.arch: &amp;apos;amd64&amp;apos;, os.version: &amp;apos;10.0&amp;apos;, java.version: &amp;apos;17.0.6&amp;apos;
Driver info: org.openqa.selenium.chrome.ChromeDriver
Capabilities {acceptInsecureCerts: false, browserName: chrome, browserVersion: 114.0.5735.110, chrome: {chromedriverVersion: 114.0.5735.90 (386bc09e8f4f..., userDataDir: C:\Users\SREERA~1\AppData\L...}, goog:chromeOptions: {debuggerAddress: localhost:52872}, javascriptEnabled: true, networkConnectionEnabled: false, pageLoadStrategy: normal, platform: WINDOWS, platformName: WINDOWS, proxy: Proxy(), setWindowRect: true, strictFileInteractability: false, timeouts: {implicit: 0, pageLoad: 300000, script: 30000}, unhandledPromptBehavior: dismiss and notify, webauthn:extension:credBlob: true, webauthn:extension:largeBlob: true, webauthn:extension:minPinLength: true, webauthn:extension:prf: true, webauthn:virtualAuthenticators: true}
Session ID: 03d83cfb5b31d3f692784bb674522754
*** Element info: {Using=xpath, value=//input[@name=&amp;apos;user-name&amp;apos;]}">
      <![CDATA[org.openqa.selenium.NoSuchElementException: no such element: Unable to locate element: {"method":"xpath","selector":"//input[@name='user-name']"}
  (Session info: chrome=114.0.5735.110)
For documentation on this error, please visit: https://www.seleniumhq.org/exceptions/no_such_element.html
Build info: version: '3.141.59', revision: 'e82be7d358', time: '2018-11-14T08:17:03'
System info: host: 'LAPWINX-DAC94', ip: '192.168.18.42', os.name: 'Windows 10', os.arch: 'amd64', os.version: '10.0', java.version: '17.0.6'
Driver info: org.openqa.selenium.chrome.ChromeDriver
Capabilities {acceptInsecureCerts: false, browserName: chrome, browserVersion: 114.0.5735.110, chrome: {chromedriverVersion: 114.0.5735.90 (386bc09e8f4f..., userDataDir: C:\Users\SREERA~1\AppData\L...}, goog:chromeOptions: {debuggerAddress: localhost:52872}, javascriptEnabled: true, networkConnectionEnabled: false, pageLoadStrategy: normal, platform: WINDOWS, platformName: WINDOWS, proxy: Proxy(), setWindowRect: true, strictFileInteractability: false, timeouts: {implicit: 0, pageLoad: 300000, script: 30000}, unhandledPromptBehavior: dismiss and notify, webauthn:extension:credBlob: true, webauthn:extension:largeBlob: true, webauthn:extension:minPinLength: true, webauthn:extension:prf: true, webauthn:virtualAuthenticators: true}
Session ID: 03d83cfb5b31d3f692784bb674522754
*** Element info: {Using=xpath, value=//input[@name='user-name']}
at org.openqa.selenium.remote.http.W3CHttpResponseCodec.createException(W3CHttpResponseCodec.java:187)
at org.openqa.selenium.remote.http.W3CHttpResponseCodec.decode(W3CHttpResponseCodec.java:122)
at org.openqa.selenium.remote.http.W3CHttpResponseCodec.decode(W3CHttpResponseCodec.java:49)
at org.openqa.selenium.remote.HttpCommandExecutor.execute(HttpCommandExecutor.java:158)
at org.openqa.selenium.remote.service.DriverCommandExecutor.execute(DriverCommandExecutor.java:83)
at org.openqa.selenium.remote.RemoteWebDriver.execute(RemoteWebDriver.java:552)
at org.openqa.selenium.remote.RemoteWebDriver.findElement(RemoteWebDriver.java:323)
at org.openqa.selenium.remote.RemoteWebDriver.findElementByXPath(RemoteWebDriver.java:428)
at org.openqa.selenium.By$ByXPath.findElement(By.java:353)
at org.openqa.selenium.remote.RemoteWebDriver.findElement(RemoteWebDriver.java:315)
at org.openqa.selenium.support.pagefactory.DefaultElementLocator.findElement(DefaultElementLocator.java:69)
at org.openqa.selenium.support.pagefactory.internal.LocatingElementHandler.invoke(LocatingElementHandler.java:38)
at jdk.proxy2/jdk.proxy2.$Proxy12.clear(Unknown Source)
at Test_Package.TC_07_Login_with_valid_UserName_and_Valid_Password.Login_with_valid_UserName_and_Valid_Password(TC_07_Login_with_valid_UserName_and_Valid_Password.java:19)
at java.base/java.util.ArrayList.forEach(ArrayList.java:1511)
... Removed 32 stack frames]]>
    </failure>
  </testcase> <!-- Login_with_valid_UserName_and_Valid_Password -->
  <testcase classname="Test_Package.TC_08_Sort_the_products_in_price_low_to_high_order" name="Sort_the_products_in_price_low_to_high_order" time="3.619"/>
  <testcase classname="Test_Package.TC_09_Add_all_items" name="Add_all_items" time="1.129"/>
  <testcase classname="Test_Package.TC_10_remove_items_that_have_a_price_less" name="add_all_items" time="0.318"/>
  <testcase classname="Test_Package.TC_11_Checkout_button" name="add_all_items" time="1.902"/>
  <testcase classname="Test_Package.TC_12_Information_Page_Enter_Details" name="Information_Page_Enter_Details" time="0.495"/>
  <testcase classname="Test_Package.TC_06_1_Login_with_Locked_UserName" name="Login_with_Locked_UserName" time="0.582"/>
  <testcase classname="Test_Package.TC_13_Login_with_problem_user" name="Login_with_valid_UserName_and_Valid_Password" time="0.643"/>
  <testcase classname="Test_Package.TC_14_Sort_the_products_in_price_low_to_high_order_Problemuser" name="Sort_the_products_in_price_low_to_high_order" time="3.429">
    <failure type="java.lang.AssertionError" message="null">
      <![CDATA[java.lang.AssertionError: null
at Test_Package.TC_14_Sort_the_products_in_price_low_to_high_order_Problemuser.Sort_the_products_in_price_low_to_high_order(TC_14_Sort_the_products_in_price_low_to_high_order_Problemuser.java:68)
at java.base/java.util.ArrayList.forEach(ArrayList.java:1511)
... Removed 29 stack frames]]>
    </failure>
  </testcase> <!-- Sort_the_products_in_price_low_to_high_order -->
  <testcase classname="Test_Package.TC_15_Add_all_items_problemuser" name="_Add_all_items_problemuser" time="0.664">
    <failure type="java.lang.AssertionError" message="null">
      <![CDATA[java.lang.AssertionError: null
at Test_Package.TC_15_Add_all_items_problemuser._Add_all_items_problemuser(TC_15_Add_all_items_problemuser.java:55)
at java.base/java.util.ArrayList.forEach(ArrayList.java:1511)
... Removed 29 stack frames]]>
    </failure>
  </testcase> <!-- _Add_all_items_problemuser -->
  <testcase classname="Test_Package.TC_16_remove_items_that_have_a_price_less" name="remove_items_that_have_a_price_less" time="0.345"/>
  <testcase classname="Test_Package.TC_17_Checkout_button_problemuser" name="Checkout_button_problemuser" time="1.485">
    <failure type="java.lang.AssertionError" message="null">
      <![CDATA[java.lang.AssertionError: null
at Test_Package.TC_17_Checkout_button_problemuser.Checkout_button_problemuser(TC_17_Checkout_button_problemuser.java:102)
at java.base/java.util.ArrayList.forEach(ArrayList.java:1511)
... Removed 29 stack frames]]>
    </failure>
  </testcase> <!-- Checkout_button_problemuser -->
  <testcase classname="Test_Package.TC_18_Login_with_performance_glitch_user" name="Login_with_valid_UserName_and_Valid_Password" time="5.708"/>
  <testcase classname="Test_Package.TC_19_Sort_the_products_in_price_low_to_high_order_perfromance" name="Sort_the_products_in_price_low_to_high_order_perfromance" time="8.506"/>
  <testcase classname="Test_Package.TC_20_Add_all_items_Performance" name="Add_all_items" time="0.791">
    <failure type="java.lang.AssertionError" message="null">
      <![CDATA[java.lang.AssertionError: null
at Test_Package.TC_20_Add_all_items_Performance.Add_all_items(TC_20_Add_all_items_Performance.java:55)
at java.base/java.util.ArrayList.forEach(ArrayList.java:1511)
... Removed 29 stack frames]]>
    </failure>
  </testcase> <!-- Add_all_items -->
  <testcase classname="Test_Package.TC_21_remove_items_that_have_a_price_less_Performance" name="add_all_items" time="30.108">
    <failure type="java.lang.IndexOutOfBoundsException" message="Index 0 out of bounds for length 0">
      <![CDATA[java.lang.IndexOutOfBoundsException: Index 0 out of bounds for length 0
at java.base/jdk.internal.util.Preconditions.outOfBounds(Preconditions.java:64)
at java.base/jdk.internal.util.Preconditions.outOfBoundsCheckIndex(Preconditions.java:70)
at java.base/jdk.internal.util.Preconditions.checkIndex(Preconditions.java:266)
at java.base/java.util.Objects.checkIndex(Objects.java:359)
at java.base/java.util.ArrayList.get(ArrayList.java:427)
at org.openqa.selenium.support.pagefactory.internal.LocatingElementListHandler.invoke(LocatingElementListHandler.java:39)
at jdk.proxy2/jdk.proxy2.$Proxy13.get(Unknown Source)
at Test_Package.TC_21_remove_items_that_have_a_price_less_Performance.add_all_items(TC_21_remove_items_that_have_a_price_less_Performance.java:33)
at java.base/java.util.ArrayList.forEach(ArrayList.java:1511)
... Removed 30 stack frames]]>
    </failure>
  </testcase> <!-- add_all_items -->
  <testcase classname="Test_Package.TC_22_Checkout_button_Performance" name="add_all_items" time="30.078">
    <failure type="org.openqa.selenium.NoSuchElementException" message="no such element: Unable to locate element: {&amp;quot;method&amp;quot;:&amp;quot;xpath&amp;quot;,&amp;quot;selector&amp;quot;:&amp;quot;//button[@name=&amp;apos;checkout&amp;apos;]&amp;quot;}
  (Session info: chrome=114.0.5735.110)
For documentation on this error, please visit: https://www.seleniumhq.org/exceptions/no_such_element.html
Build info: version: &amp;apos;3.141.59&amp;apos;, revision: &amp;apos;e82be7d358&amp;apos;, time: &amp;apos;2018-11-14T08:17:03&amp;apos;
System info: host: &amp;apos;LAPWINX-DAC94&amp;apos;, ip: &amp;apos;192.168.18.42&amp;apos;, os.name: &amp;apos;Windows 10&amp;apos;, os.arch: &amp;apos;amd64&amp;apos;, os.version: &amp;apos;10.0&amp;apos;, java.version: &amp;apos;17.0.6&amp;apos;
Driver info: org.openqa.selenium.chrome.ChromeDriver
Capabilities {acceptInsecureCerts: false, browserName: chrome, browserVersion: 114.0.5735.110, chrome: {chromedriverVersion: 114.0.5735.90 (386bc09e8f4f..., userDataDir: C:\Users\SREERA~1\AppData\L...}, goog:chromeOptions: {debuggerAddress: localhost:52872}, javascriptEnabled: true, networkConnectionEnabled: false, pageLoadStrategy: normal, platform: WINDOWS, platformName: WINDOWS, proxy: Proxy(), setWindowRect: true, strictFileInteractability: false, timeouts: {implicit: 0, pageLoad: 300000, script: 30000}, unhandledPromptBehavior: dismiss and notify, webauthn:extension:credBlob: true, webauthn:extension:largeBlob: true, webauthn:extension:minPinLength: true, webauthn:extension:prf: true, webauthn:virtualAuthenticators: true}
Session ID: 03d83cfb5b31d3f692784bb674522754
*** Element info: {Using=xpath, value=//button[@name=&amp;apos;checkout&amp;apos;]}">
      <![CDATA[org.openqa.selenium.NoSuchElementException: no such element: Unable to locate element: {"method":"xpath","selector":"//button[@name='checkout']"}
  (Session info: chrome=114.0.5735.110)
For documentation on this error, please visit: https://www.seleniumhq.org/exceptions/no_such_element.html
Build info: version: '3.141.59', revision: 'e82be7d358', time: '2018-11-14T08:17:03'
System info: host: 'LAPWINX-DAC94', ip: '192.168.18.42', os.name: 'Windows 10', os.arch: 'amd64', os.version: '10.0', java.version: '17.0.6'
Driver info: org.openqa.selenium.chrome.ChromeDriver
Capabilities {acceptInsecureCerts: false, browserName: chrome, browserVersion: 114.0.5735.110, chrome: {chromedriverVersion: 114.0.5735.90 (386bc09e8f4f..., userDataDir: C:\Users\SREERA~1\AppData\L...}, goog:chromeOptions: {debuggerAddress: localhost:52872}, javascriptEnabled: true, networkConnectionEnabled: false, pageLoadStrategy: normal, platform: WINDOWS, platformName: WINDOWS, proxy: Proxy(), setWindowRect: true, strictFileInteractability: false, timeouts: {implicit: 0, pageLoad: 300000, script: 30000}, unhandledPromptBehavior: dismiss and notify, webauthn:extension:credBlob: true, webauthn:extension:largeBlob: true, webauthn:extension:minPinLength: true, webauthn:extension:prf: true, webauthn:virtualAuthenticators: true}
Session ID: 03d83cfb5b31d3f692784bb674522754
*** Element info: {Using=xpath, value=//button[@name='checkout']}
at org.openqa.selenium.remote.http.W3CHttpResponseCodec.createException(W3CHttpResponseCodec.java:187)
at org.openqa.selenium.remote.http.W3CHttpResponseCodec.decode(W3CHttpResponseCodec.java:122)
at org.openqa.selenium.remote.http.W3CHttpResponseCodec.decode(W3CHttpResponseCodec.java:49)
at org.openqa.selenium.remote.HttpCommandExecutor.execute(HttpCommandExecutor.java:158)
at org.openqa.selenium.remote.service.DriverCommandExecutor.execute(DriverCommandExecutor.java:83)
at org.openqa.selenium.remote.RemoteWebDriver.execute(RemoteWebDriver.java:552)
at org.openqa.selenium.remote.RemoteWebDriver.findElement(RemoteWebDriver.java:323)
at org.openqa.selenium.remote.RemoteWebDriver.findElementByXPath(RemoteWebDriver.java:428)
at org.openqa.selenium.By$ByXPath.findElement(By.java:353)
at org.openqa.selenium.remote.RemoteWebDriver.findElement(RemoteWebDriver.java:315)
at org.openqa.selenium.support.pagefactory.DefaultElementLocator.findElement(DefaultElementLocator.java:69)
at org.openqa.selenium.support.pagefactory.internal.LocatingElementHandler.invoke(LocatingElementHandler.java:38)
at jdk.proxy2/jdk.proxy2.$Proxy12.click(Unknown Source)
at Test_Package.TC_22_Checkout_button_Performance.add_all_items(TC_22_Checkout_button_Performance.java:30)
at java.base/java.util.ArrayList.forEach(ArrayList.java:1511)
... Removed 32 stack frames]]>
    </failure>
  </testcase> <!-- add_all_items -->
  <testcase classname="Test_Package.TC_23_Information_Page_Enter_Details_Performance" name="Information_Page_Enter_Details" time="60.121">
    <failure type="org.openqa.selenium.TimeoutException" message="Expected condition failed: waiting for element to be clickable: Proxy element for: DefaultElementLocator &amp;apos;By.xpath: //button[@name=&amp;apos;finish&amp;apos;]&amp;apos; (tried for 20 second(s) with 500 milliseconds interval)">
      <![CDATA[org.openqa.selenium.TimeoutException: Expected condition failed: waiting for element to be clickable: Proxy element for: DefaultElementLocator 'By.xpath: //button[@name='finish']' (tried for 20 second(s) with 500 milliseconds interval)
at org.openqa.selenium.support.ui.WebDriverWait.timeoutException(WebDriverWait.java:95)
at org.openqa.selenium.support.ui.FluentWait.until(FluentWait.java:272)
at Test_Package.TC_23_Information_Page_Enter_Details_Performance.Information_Page_Enter_Details(TC_23_Information_Page_Enter_Details_Performance.java:27)
at java.base/java.util.ArrayList.forEach(ArrayList.java:1511)
Caused by: org.openqa.selenium.NoSuchElementException: no such element: Unable to locate element: {"method":"xpath","selector":"//button[@name='finish']"}
  (Session info: chrome=114.0.5735.110)
For documentation on this error, please visit: https://www.seleniumhq.org/exceptions/no_such_element.html
Build info: version: '3.141.59', revision: 'e82be7d358', time: '2018-11-14T08:17:03'
System info: host: 'LAPWINX-DAC94', ip: '192.168.18.42', os.name: 'Windows 10', os.arch: 'amd64', os.version: '10.0', java.version: '17.0.6'
Driver info: org.openqa.selenium.chrome.ChromeDriver
Capabilities {acceptInsecureCerts: false, browserName: chrome, browserVersion: 114.0.5735.110, chrome: {chromedriverVersion: 114.0.5735.90 (386bc09e8f4f..., userDataDir: C:\Users\SREERA~1\AppData\L...}, goog:chromeOptions: {debuggerAddress: localhost:52872}, javascriptEnabled: true, networkConnectionEnabled: false, pageLoadStrategy: normal, platform: WINDOWS, platformName: WINDOWS, proxy: Proxy(), setWindowRect: true, strictFileInteractability: false, timeouts: {implicit: 0, pageLoad: 300000, script: 30000}, unhandledPromptBehavior: dismiss and notify, webauthn:extension:credBlob: true, webauthn:extension:largeBlob: true, webauthn:extension:minPinLength: true, webauthn:extension:prf: true, webauthn:virtualAuthenticators: true}
Session ID: 03d83cfb5b31d3f692784bb674522754
*** Element info: {Using=xpath, value=//button[@name='finish']}
at org.openqa.selenium.remote.http.W3CHttpResponseCodec.createException(W3CHttpResponseCodec.java:187)
at org.openqa.selenium.remote.http.W3CHttpResponseCodec.decode(W3CHttpResponseCodec.java:122)
at org.openqa.selenium.remote.http.W3CHttpResponseCodec.decode(W3CHttpResponseCodec.java:49)
at org.openqa.selenium.remote.HttpCommandExecutor.execute(HttpCommandExecutor.java:158)
at org.openqa.selenium.remote.service.DriverCommandExecutor.execute(DriverCommandExecutor.java:83)
at org.openqa.selenium.remote.RemoteWebDriver.execute(RemoteWebDriver.java:552)
at org.openqa.selenium.remote.RemoteWebDriver.findElement(RemoteWebDriver.java:323)
at org.openqa.selenium.remote.RemoteWebDriver.findElementByXPath(RemoteWebDriver.java:428)
at org.openqa.selenium.By$ByXPath.findElement(By.java:353)
at org.openqa.selenium.remote.RemoteWebDriver.findElement(RemoteWebDriver.java:315)
at org.openqa.selenium.support.pagefactory.DefaultElementLocator.findElement(DefaultElementLocator.java:69)
at org.openqa.selenium.support.pagefactory.internal.LocatingElementHandler.invoke(LocatingElementHandler.java:38)
at jdk.proxy2/jdk.proxy2.$Proxy12.isDisplayed(Unknown Source)
at org.openqa.selenium.support.ui.ExpectedConditions.elementIfVisible(ExpectedConditions.java:314)
at org.openqa.selenium.support.ui.ExpectedConditions.access$000(ExpectedConditions.java:43)
at org.openqa.selenium.support.ui.ExpectedConditions$10.apply(ExpectedConditions.java:300)
at org.openqa.selenium.support.ui.ExpectedConditions$10.apply(ExpectedConditions.java:297)
at org.openqa.selenium.support.ui.ExpectedConditions$23.apply(ExpectedConditions.java:670)
at org.openqa.selenium.support.ui.ExpectedConditions$23.apply(ExpectedConditions.java:666)
at org.openqa.selenium.support.ui.FluentWait.until(FluentWait.java:249)
... 29 more
... Removed 32 stack frames]]>
    </failure>
  </testcase> <!-- Information_Page_Enter_Details -->
  <testcase classname="Common.BaseClass" name="@BeforeSuite initdriver" time="0.0">
    <ignored/>
  </testcase> <!-- @BeforeSuite initdriver -->
  <testcase classname="Common.BaseClass" name="@BeforeSuite initdriver" time="0.0">
    <ignored/>
  </testcase> <!-- @BeforeSuite initdriver -->
  <testcase classname="Common.BaseClass" name="@BeforeSuite initdriver" time="0.0">
    <ignored/>
  </testcase> <!-- @BeforeSuite initdriver -->
  <testcase classname="Common.BaseClass" name="@BeforeSuite initdriver" time="0.0">
    <ignored/>
  </testcase> <!-- @BeforeSuite initdriver -->
  <testcase classname="Common.BaseClass" name="@BeforeSuite initdriver" time="0.0">
    <ignored/>
  </testcase> <!-- @BeforeSuite initdriver -->
  <testcase classname="Common.BaseClass" name="@BeforeSuite initdriver" time="0.0">
    <ignored/>
  </testcase> <!-- @BeforeSuite initdriver -->
  <testcase classname="Common.BaseClass" name="@BeforeSuite initdriver" time="0.0">
    <ignored/>
  </testcase> <!-- @BeforeSuite initdriver -->
  <testcase classname="Common.BaseClass" name="@BeforeSuite initdriver" time="0.0">
    <ignored/>
  </testcase> <!-- @BeforeSuite initdriver -->
  <testcase classname="Common.BaseClass" name="@BeforeSuite initdriver" time="0.0">
    <ignored/>
  </testcase> <!-- @BeforeSuite initdriver -->
  <testcase classname="Common.BaseClass" name="@BeforeSuite initdriver" time="0.0">
    <ignored/>
  </testcase> <!-- @BeforeSuite initdriver -->
  <testcase classname="Common.BaseClass" name="@BeforeSuite initdriver" time="0.0">
    <ignored/>
  </testcase> <!-- @BeforeSuite initdriver -->
  <testcase classname="Common.BaseClass" name="@BeforeSuite initdriver" time="0.0">
    <ignored/>
  </testcase> <!-- @BeforeSuite initdriver -->
  <testcase classname="Common.BaseClass" name="@BeforeSuite initdriver" time="0.0">
    <ignored/>
  </testcase> <!-- @BeforeSuite initdriver -->
  <testcase classname="Common.BaseClass" name="@BeforeSuite initdriver" time="0.0">
    <ignored/>
  </testcase> <!-- @BeforeSuite initdriver -->
  <testcase classname="Common.BaseClass" name="@BeforeSuite initdriver" time="0.0">
    <ignored/>
  </testcase> <!-- @BeforeSuite initdriver -->
  <testcase classname="Common.BaseClass" name="@BeforeSuite initdriver" time="0.0">
    <ignored/>
  </testcase> <!-- @BeforeSuite initdriver -->
  <testcase classname="Common.BaseClass" name="@BeforeSuite initdriver" time="0.0">
    <ignored/>
  </testcase> <!-- @BeforeSuite initdriver -->
  <testcase classname="Common.BaseClass" name="@BeforeSuite initdriver" time="0.0">
    <ignored/>
  </testcase> <!-- @BeforeSuite initdriver -->
  <testcase classname="Common.BaseClass" name="@BeforeSuite initdriver" time="0.0">
    <ignored/>
  </testcase> <!-- @BeforeSuite initdriver -->
  <testcase classname="Common.BaseClass" name="@BeforeSuite initdriver" time="0.0">
    <ignored/>
  </testcase> <!-- @BeforeSuite initdriver -->
  <testcase classname="Common.BaseClass" name="@BeforeSuite initdriver" time="0.0">
    <ignored/>
  </testcase> <!-- @BeforeSuite initdriver -->
  <testcase classname="Common.BaseClass" name="@BeforeSuite initdriver" time="0.0">
    <ignored/>
  </testcase> <!-- @BeforeSuite initdriver -->
  <testcase classname="Common.BaseClass" name="@BeforeSuite initdriver" time="0.0">
    <ignored/>
  </testcase> <!-- @BeforeSuite initdriver -->
  <testcase classname="Common.BaseClass" name="@AfterSuite driverclose" time="0.0">
    <ignored/>
  </testcase> <!-- @AfterSuite driverclose -->
  <testcase classname="Common.BaseClass" name="@AfterSuite driverclose" time="0.0">
    <ignored/>
  </testcase> <!-- @AfterSuite driverclose -->
  <testcase classname="Common.BaseClass" name="@AfterSuite driverclose" time="0.0">
    <ignored/>
  </testcase> <!-- @AfterSuite driverclose -->
  <testcase classname="Common.BaseClass" name="@AfterSuite driverclose" time="0.0">
    <ignored/>
  </testcase> <!-- @AfterSuite driverclose -->
  <testcase classname="Common.BaseClass" name="@AfterSuite driverclose" time="0.0">
    <ignored/>
  </testcase> <!-- @AfterSuite driverclose -->
  <testcase classname="Common.BaseClass" name="@AfterSuite driverclose" time="0.0">
    <ignored/>
  </testcase> <!-- @AfterSuite driverclose -->
  <testcase classname="Common.BaseClass" name="@AfterSuite driverclose" time="0.0">
    <ignored/>
  </testcase> <!-- @AfterSuite driverclose -->
  <testcase classname="Common.BaseClass" name="@AfterSuite driverclose" time="0.0">
    <ignored/>
  </testcase> <!-- @AfterSuite driverclose -->
  <testcase classname="Common.BaseClass" name="@AfterSuite driverclose" time="0.0">
    <ignored/>
  </testcase> <!-- @AfterSuite driverclose -->
  <testcase classname="Common.BaseClass" name="@AfterSuite driverclose" time="0.0">
    <ignored/>
  </testcase> <!-- @AfterSuite driverclose -->
  <testcase classname="Common.BaseClass" name="@AfterSuite driverclose" time="0.0">
    <ignored/>
  </testcase> <!-- @AfterSuite driverclose -->
  <testcase classname="Common.BaseClass" name="@AfterSuite driverclose" time="0.0">
    <ignored/>
  </testcase> <!-- @AfterSuite driverclose -->
  <testcase classname="Common.BaseClass" name="@AfterSuite driverclose" time="0.0">
    <ignored/>
  </testcase> <!-- @AfterSuite driverclose -->
  <testcase classname="Common.BaseClass" name="@AfterSuite driverclose" time="0.0">
    <ignored/>
  </testcase> <!-- @AfterSuite driverclose -->
  <testcase classname="Common.BaseClass" name="@AfterSuite driverclose" time="0.0">
    <ignored/>
  </testcase> <!-- @AfterSuite driverclose -->
  <testcase classname="Common.BaseClass" name="@AfterSuite driverclose" time="0.0">
    <ignored/>
  </testcase> <!-- @AfterSuite driverclose -->
  <testcase classname="Common.BaseClass" name="@AfterSuite driverclose" time="0.0">
    <ignored/>
  </testcase> <!-- @AfterSuite driverclose -->
  <testcase classname="Common.BaseClass" name="@AfterSuite driverclose" time="0.0">
    <ignored/>
  </testcase> <!-- @AfterSuite driverclose -->
  <testcase classname="Common.BaseClass" name="@AfterSuite driverclose" time="0.0">
    <ignored/>
  </testcase> <!-- @AfterSuite driverclose -->
  <testcase classname="Common.BaseClass" name="@AfterSuite driverclose" time="0.0">
    <ignored/>
  </testcase> <!-- @AfterSuite driverclose -->
  <testcase classname="Common.BaseClass" name="@AfterSuite driverclose" time="0.0">
    <ignored/>
  </testcase> <!-- @AfterSuite driverclose -->
  <testcase classname="Common.BaseClass" name="@AfterSuite driverclose" time="0.0">
    <ignored/>
  </testcase> <!-- @AfterSuite driverclose -->
  <testcase classname="Common.BaseClass" name="@AfterSuite driverclose" time="0.0">
    <ignored/>
  </testcase> <!-- @AfterSuite driverclose -->
</testsuite> <!-- Test -->
