<!DOCTYPE html PUBLIC "-//W3C//DTD XHTML 1.1//EN" "https://www.w3.org/TR/xhtml11/DTD/xhtml11.dtd">
<html xmlns="https://www.w3.org/1999/xhtml">
<head>
<meta http-equiv="content-type" content="text/html; charset=UTF-8"/>
<title>TestNG Report</title>
<style type="text/css">table {margin-bottom:10px;border-collapse:collapse;empty-cells:show}th,td {border:1px solid #009;padding:.25em .5em}th {vertical-align:bottom}td {vertical-align:top}table a {font-weight:bold}.stripe td {background-color: #E6EBF9}.num {text-align:right}.passedodd td {background-color: #3F3}.passedeven td {background-color: #0A0}.skippedodd td {background-color: #DDD}.skippedeven td {background-color: #CCC}.failedodd td,.attn {background-color: #F33}.failedeven td,.stripe .attn {background-color: #D00}.stacktrace {white-space:pre;font-family:monospace}.totop {font-size:85%;text-align:center;border-bottom:2px solid #000}.invisible {display:none}</style>
</head>
<body>
<table>
<tr><th>Test</th><th># Passed</th><th># Skipped</th><th># Retried</th><th># Failed</th><th>Time (ms)</th><th>Included Groups</th><th>Excluded Groups</th></tr>
<tr><th colspan="8">Suite</th></tr>
<tr><td><a href="#t0">Test</a></td><td class="num">13</td><td class="num">0</td><td class="num">0</td><td class="num attn">11</td><td class="num">216,567</td><td></td><td></td></tr>
</table>
<table id='summary'><thead><tr><th>Class</th><th>Method</th><th>Start</th><th>Time (ms)</th></tr></thead><tbody><tr><th colspan="4">Suite</th></tr></tbody><tbody id="t0"><tr><th colspan="4">Test &#8212; failed</th></tr><tr class="failedeven"><td rowspan="1">Test_Package.TC_03_Login_with_UserName_and_Blank_Password2</td><td><a href="#m0">Login_with_UserName_and_Blank_Password</a></td><td rowspan="1">1686771565024</td><td rowspan="1">727</td></tr><tr class="failedodd"><td rowspan="1">Test_Package.TC_05_Login_with_Wrong_UserName_and_Password</td><td><a href="#m1">Login_with_Wrong_UserName_and_Password</a></td><td rowspan="1">1686771566473</td><td rowspan="1">633</td></tr><tr class="failedeven"><td rowspan="1">Test_Package.TC_06_Login_with_UserName_and_Wrong_Password</td><td><a href="#m2">Login_with_Wrong_UserName_and_Password</a></td><td rowspan="1">1686771567109</td><td rowspan="1">30833</td></tr><tr class="failedodd"><td rowspan="1">Test_Package.TC_07_Login_with_valid_UserName_and_Valid_Password</td><td><a href="#m3">Login_with_valid_UserName_and_Valid_Password</a></td><td rowspan="1">1686771597949</td><td rowspan="1">30111</td></tr><tr class="failedeven"><td rowspan="1">Test_Package.TC_14_Sort_the_products_in_price_low_to_high_order_Problemuser</td><td><a href="#m4">Sort_the_products_in_price_low_to_high_order</a></td><td rowspan="1">1686771636771</td><td rowspan="1">3429</td></tr><tr class="failedodd"><td rowspan="1">Test_Package.TC_15_Add_all_items_problemuser</td><td><a href="#m5">_Add_all_items_problemuser</a></td><td rowspan="1">1686771640203</td><td rowspan="1">664</td></tr><tr class="failedeven"><td rowspan="1">Test_Package.TC_17_Checkout_button_problemuser</td><td><a href="#m6">Checkout_button_problemuser</a></td><td rowspan="1">1686771641216</td><td rowspan="1">1485</td></tr><tr class="failedodd"><td rowspan="1">Test_Package.TC_20_Add_all_items_Performance</td><td><a href="#m7">Add_all_items</a></td><td rowspan="1">1686771656921</td><td rowspan="1">791</td></tr><tr class="failedeven"><td rowspan="1">Test_Package.TC_21_remove_items_that_have_a_price_less_Performance</td><td><a href="#m8">add_all_items</a></td><td rowspan="1">1686771657715</td><td rowspan="1">30108</td></tr><tr class="failedodd"><td rowspan="1">Test_Package.TC_22_Checkout_button_Performance</td><td><a href="#m9">add_all_items</a></td><td rowspan="1">1686771687826</td><td rowspan="1">30078</td></tr><tr class="failedeven"><td rowspan="1">Test_Package.TC_23_Information_Page_Enter_Details_Performance</td><td><a href="#m10">Information_Page_Enter_Details</a></td><td rowspan="1">1686771717908</td><td rowspan="1">60121</td></tr><tr><th colspan="4">Test &#8212; passed</th></tr><tr class="passedeven"><td rowspan="1">Test_Package.TC_01_Login_with_Blank_UserName_and_Blank_Password</td><td><a href="#m11">Login_with_Blank_UserName_and_Blank_Password</a></td><td rowspan="1">1686771561538</td><td rowspan="1">2847</td></tr><tr class="passedodd"><td rowspan="1">Test_Package.TC_02_Login_with_Blank_UserName_and_Password</td><td><a href="#m12">Login_with_Blank_UserName_and_Blank_Password</a></td><td rowspan="1">1686771564401</td><td rowspan="1">616</td></tr><tr class="passedeven"><td rowspan="1">Test_Package.TC_04_Login_with_Wrong_UserName_and_Wrong_Password</td><td><a href="#m13">Login_with_Wrong_UserName_and_Wrong_Password</a></td><td rowspan="1">1686771565756</td><td rowspan="1">714</td></tr><tr class="passedodd"><td rowspan="1">Test_Package.TC_06_1_Login_with_Locked_UserName</td><td><a href="#m14">Login_with_Locked_UserName</a></td><td rowspan="1">1686771635540</td><td rowspan="1">582</td></tr><tr class="passedeven"><td rowspan="1">Test_Package.TC_08_Sort_the_products_in_price_low_to_high_order</td><td><a href="#m15">Sort_the_products_in_price_low_to_high_order</a></td><td rowspan="1">1686771628064</td><td rowspan="1">3619</td></tr><tr class="passedodd"><td rowspan="1">Test_Package.TC_09_Add_all_items</td><td><a href="#m16">Add_all_items</a></td><td rowspan="1">1686771631687</td><td rowspan="1">1129</td></tr><tr class="passedeven"><td rowspan="1">Test_Package.TC_10_remove_items_that_have_a_price_less</td><td><a href="#m17">add_all_items</a></td><td rowspan="1">1686771632818</td><td rowspan="1">318</td></tr><tr class="passedodd"><td rowspan="1">Test_Package.TC_11_Checkout_button</td><td><a href="#m18">add_all_items</a></td><td rowspan="1">1686771633139</td><td rowspan="1">1902</td></tr><tr class="passedeven"><td rowspan="1">Test_Package.TC_12_Information_Page_Enter_Details</td><td><a href="#m19">Information_Page_Enter_Details</a></td><td rowspan="1">1686771635043</td><td rowspan="1">495</td></tr><tr class="passedodd"><td rowspan="1">Test_Package.TC_13_Login_with_problem_user</td><td><a href="#m20">Login_with_valid_UserName_and_Valid_Password</a></td><td rowspan="1">1686771636125</td><td rowspan="1">643</td></tr><tr class="passedeven"><td rowspan="1">Test_Package.TC_16_remove_items_that_have_a_price_less</td><td><a href="#m21">remove_items_that_have_a_price_less</a></td><td rowspan="1">1686771640869</td><td rowspan="1">345</td></tr><tr class="passedodd"><td rowspan="1">Test_Package.TC_18_Login_with_performance_glitch_user</td><td><a href="#m22">Login_with_valid_UserName_and_Valid_Password</a></td><td rowspan="1">1686771642703</td><td rowspan="1">5708</td></tr><tr class="passedeven"><td rowspan="1">Test_Package.TC_19_Sort_the_products_in_price_low_to_high_order_perfromance</td><td><a href="#m23">Sort_the_products_in_price_low_to_high_order_perfromance</a></td><td rowspan="1">1686771648413</td><td rowspan="1">8506</td></tr></tbody>
</table>
<h2>Test</h2><h3 id="m0">Test_Package.TC_03_Login_with_UserName_and_Blank_Password2#Login_with_UserName_and_Blank_Password</h3><table class="result"><tr><th>Exception</th></tr><tr><td><div class="stacktrace">java.lang.AssertionError: null
	at Test_Package.TC_03_Login_with_UserName_and_Blank_Password2.Login_with_UserName_and_Blank_Password(TC_03_Login_with_UserName_and_Blank_Password2.java:42)
	at java.base/java.util.ArrayList.forEach(ArrayList.java:1511)
... Removed 29 stack frames</div></td></tr></table><p class="totop"><a href="#summary">back to summary</a></p>
<h3 id="m1">Test_Package.TC_05_Login_with_Wrong_UserName_and_Password#Login_with_Wrong_UserName_and_Password</h3><table class="result"><tr><th>Exception</th></tr><tr><td><div class="stacktrace">java.lang.AssertionError: null
	at Test_Package.TC_05_Login_with_Wrong_UserName_and_Password.Login_with_Wrong_UserName_and_Password(TC_05_Login_with_Wrong_UserName_and_Password.java:42)
	at java.base/java.util.ArrayList.forEach(ArrayList.java:1511)
... Removed 29 stack frames</div></td></tr></table><p class="totop"><a href="#summary">back to summary</a></p>
<h3 id="m2">Test_Package.TC_06_Login_with_UserName_and_Wrong_Password#Login_with_Wrong_UserName_and_Password</h3><table class="result"><tr><th>Exception</th></tr><tr><td><div class="stacktrace">org.openqa.selenium.NoSuchElementException: no such element: Unable to locate element: {&quot;method&quot;:&quot;xpath&quot;,&quot;selector&quot;:&quot;//h3[@data-test=&apos;error&apos;]&quot;}
  (Session info: chrome=114.0.5735.110)
For documentation on this error, please visit: https://www.seleniumhq.org/exceptions/no_such_element.html
Build info: version: &apos;3.141.59&apos;, revision: &apos;e82be7d358&apos;, time: &apos;2018-11-14T08:17:03&apos;
System info: host: &apos;LAPWINX-DAC94&apos;, ip: &apos;192.168.18.42&apos;, os.name: &apos;Windows 10&apos;, os.arch: &apos;amd64&apos;, os.version: &apos;10.0&apos;, java.version: &apos;17.0.6&apos;
Driver info: org.openqa.selenium.chrome.ChromeDriver
Capabilities {acceptInsecureCerts: false, browserName: chrome, browserVersion: 114.0.5735.110, chrome: {chromedriverVersion: 114.0.5735.90 (386bc09e8f4f..., userDataDir: C:\Users\SREERA~1\AppData\L...}, goog:chromeOptions: {debuggerAddress: localhost:52872}, javascriptEnabled: true, networkConnectionEnabled: false, pageLoadStrategy: normal, platform: WINDOWS, platformName: WINDOWS, proxy: Proxy(), setWindowRect: true, strictFileInteractability: false, timeouts: {implicit: 0, pageLoad: 300000, script: 30000}, unhandledPromptBehavior: dismiss and notify, webauthn:extension:credBlob: true, webauthn:extension:largeBlob: true, webauthn:extension:minPinLength: true, webauthn:extension:prf: true, webauthn:virtualAuthenticators: true}
Session ID: 03d83cfb5b31d3f692784bb674522754
*** Element info: {Using=xpath, value=//h3[@data-test=&apos;error&apos;]}
	at org.openqa.selenium.remote.http.W3CHttpResponseCodec.createException(W3CHttpResponseCodec.java:187)
	at org.openqa.selenium.remote.http.W3CHttpResponseCodec.decode(W3CHttpResponseCodec.java:122)
	at org.openqa.selenium.remote.http.W3CHttpResponseCodec.decode(W3CHttpResponseCodec.java:49)
	at org.openqa.selenium.remote.HttpCommandExecutor.execute(HttpCommandExecutor.java:158)
	at org.openqa.selenium.remote.service.DriverCommandExecutor.execute(DriverCommandExecutor.java:83)
	at org.openqa.selenium.remote.RemoteWebDriver.execute(RemoteWebDriver.java:552)
	at org.openqa.selenium.remote.RemoteWebDriver.findElement(RemoteWebDriver.java:323)
	at org.openqa.selenium.remote.RemoteWebDriver.findElementByXPath(RemoteWebDriver.java:428)
	at org.openqa.selenium.By$ByXPath.findElement(By.java:353)
	at org.openqa.selenium.remote.RemoteWebDriver.findElement(RemoteWebDriver.java:315)
	at org.openqa.selenium.support.pagefactory.DefaultElementLocator.findElement(DefaultElementLocator.java:69)
	at org.openqa.selenium.support.pagefactory.internal.LocatingElementHandler.invoke(LocatingElementHandler.java:38)
	at jdk.proxy2/jdk.proxy2.$Proxy12.getText(Unknown Source)
	at Test_Package.TC_06_Login_with_UserName_and_Wrong_Password.Login_with_Wrong_UserName_and_Password(TC_06_Login_with_UserName_and_Wrong_Password.java:26)
	at java.base/java.util.ArrayList.forEach(ArrayList.java:1511)
... Removed 32 stack frames</div></td></tr></table><p class="totop"><a href="#summary">back to summary</a></p>
<h3 id="m3">Test_Package.TC_07_Login_with_valid_UserName_and_Valid_Password#Login_with_valid_UserName_and_Valid_Password</h3><table class="result"><tr><th>Exception</th></tr><tr><td><div class="stacktrace">org.openqa.selenium.NoSuchElementException: no such element: Unable to locate element: {&quot;method&quot;:&quot;xpath&quot;,&quot;selector&quot;:&quot;//input[@name=&apos;user-name&apos;]&quot;}
  (Session info: chrome=114.0.5735.110)
For documentation on this error, please visit: https://www.seleniumhq.org/exceptions/no_such_element.html
Build info: version: &apos;3.141.59&apos;, revision: &apos;e82be7d358&apos;, time: &apos;2018-11-14T08:17:03&apos;
System info: host: &apos;LAPWINX-DAC94&apos;, ip: &apos;192.168.18.42&apos;, os.name: &apos;Windows 10&apos;, os.arch: &apos;amd64&apos;, os.version: &apos;10.0&apos;, java.version: &apos;17.0.6&apos;
Driver info: org.openqa.selenium.chrome.ChromeDriver
Capabilities {acceptInsecureCerts: false, browserName: chrome, browserVersion: 114.0.5735.110, chrome: {chromedriverVersion: 114.0.5735.90 (386bc09e8f4f..., userDataDir: C:\Users\SREERA~1\AppData\L...}, goog:chromeOptions: {debuggerAddress: localhost:52872}, javascriptEnabled: true, networkConnectionEnabled: false, pageLoadStrategy: normal, platform: WINDOWS, platformName: WINDOWS, proxy: Proxy(), setWindowRect: true, strictFileInteractability: false, timeouts: {implicit: 0, pageLoad: 300000, script: 30000}, unhandledPromptBehavior: dismiss and notify, webauthn:extension:credBlob: true, webauthn:extension:largeBlob: true, webauthn:extension:minPinLength: true, webauthn:extension:prf: true, webauthn:virtualAuthenticators: true}
Session ID: 03d83cfb5b31d3f692784bb674522754
*** Element info: {Using=xpath, value=//input[@name=&apos;user-name&apos;]}
	at org.openqa.selenium.remote.http.W3CHttpResponseCodec.createException(W3CHttpResponseCodec.java:187)
	at org.openqa.selenium.remote.http.W3CHttpResponseCodec.decode(W3CHttpResponseCodec.java:122)
	at org.openqa.selenium.remote.http.W3CHttpResponseCodec.decode(W3CHttpResponseCodec.java:49)
	at org.openqa.selenium.remote.HttpCommandExecutor.execute(HttpCommandExecutor.java:158)
	at org.openqa.selenium.remote.service.DriverCommandExecutor.execute(DriverCommandExecutor.java:83)
	at org.openqa.selenium.remote.RemoteWebDriver.execute(RemoteWebDriver.java:552)
	at org.openqa.selenium.remote.RemoteWebDriver.findElement(RemoteWebDriver.java:323)
	at org.openqa.selenium.remote.RemoteWebDriver.findElementByXPath(RemoteWebDriver.java:428)
	at org.openqa.selenium.By$ByXPath.findElement(By.java:353)
	at org.openqa.selenium.remote.RemoteWebDriver.findElement(RemoteWebDriver.java:315)
	at org.openqa.selenium.support.pagefactory.DefaultElementLocator.findElement(DefaultElementLocator.java:69)
	at org.openqa.selenium.support.pagefactory.internal.LocatingElementHandler.invoke(LocatingElementHandler.java:38)
	at jdk.proxy2/jdk.proxy2.$Proxy12.clear(Unknown Source)
	at Test_Package.TC_07_Login_with_valid_UserName_and_Valid_Password.Login_with_valid_UserName_and_Valid_Password(TC_07_Login_with_valid_UserName_and_Valid_Password.java:19)
	at java.base/java.util.ArrayList.forEach(ArrayList.java:1511)
... Removed 32 stack frames</div></td></tr></table><p class="totop"><a href="#summary">back to summary</a></p>
<h3 id="m4">Test_Package.TC_14_Sort_the_products_in_price_low_to_high_order_Problemuser#Sort_the_products_in_price_low_to_high_order</h3><table class="result"><tr><th>Exception</th></tr><tr><td><div class="stacktrace">java.lang.AssertionError: null
	at Test_Package.TC_14_Sort_the_products_in_price_low_to_high_order_Problemuser.Sort_the_products_in_price_low_to_high_order(TC_14_Sort_the_products_in_price_low_to_high_order_Problemuser.java:68)
	at java.base/java.util.ArrayList.forEach(ArrayList.java:1511)
... Removed 29 stack frames</div></td></tr></table><p class="totop"><a href="#summary">back to summary</a></p>
<h3 id="m5">Test_Package.TC_15_Add_all_items_problemuser#_Add_all_items_problemuser</h3><table class="result"><tr><th>Exception</th></tr><tr><td><div class="stacktrace">java.lang.AssertionError: null
	at Test_Package.TC_15_Add_all_items_problemuser._Add_all_items_problemuser(TC_15_Add_all_items_problemuser.java:55)
	at java.base/java.util.ArrayList.forEach(ArrayList.java:1511)
... Removed 29 stack frames</div></td></tr></table><p class="totop"><a href="#summary">back to summary</a></p>
<h3 id="m6">Test_Package.TC_17_Checkout_button_problemuser#Checkout_button_problemuser</h3><table class="result"><tr><th>Exception</th></tr><tr><td><div class="stacktrace">java.lang.AssertionError: null
	at Test_Package.TC_17_Checkout_button_problemuser.Checkout_button_problemuser(TC_17_Checkout_button_problemuser.java:102)
	at java.base/java.util.ArrayList.forEach(ArrayList.java:1511)
... Removed 29 stack frames</div></td></tr></table><p class="totop"><a href="#summary">back to summary</a></p>
<h3 id="m7">Test_Package.TC_20_Add_all_items_Performance#Add_all_items</h3><table class="result"><tr><th>Exception</th></tr><tr><td><div class="stacktrace">java.lang.AssertionError: null
	at Test_Package.TC_20_Add_all_items_Performance.Add_all_items(TC_20_Add_all_items_Performance.java:55)
	at java.base/java.util.ArrayList.forEach(ArrayList.java:1511)
... Removed 29 stack frames</div></td></tr></table><p class="totop"><a href="#summary">back to summary</a></p>
<h3 id="m8">Test_Package.TC_21_remove_items_that_have_a_price_less_Performance#add_all_items</h3><table class="result"><tr><th>Exception</th></tr><tr><td><div class="stacktrace">java.lang.IndexOutOfBoundsException: Index 0 out of bounds for length 0
	at java.base/jdk.internal.util.Preconditions.outOfBounds(Preconditions.java:64)
	at java.base/jdk.internal.util.Preconditions.outOfBoundsCheckIndex(Preconditions.java:70)
	at java.base/jdk.internal.util.Preconditions.checkIndex(Preconditions.java:266)
	at java.base/java.util.Objects.checkIndex(Objects.java:359)
	at java.base/java.util.ArrayList.get(ArrayList.java:427)
	at org.openqa.selenium.support.pagefactory.internal.LocatingElementListHandler.invoke(LocatingElementListHandler.java:39)
	at jdk.proxy2/jdk.proxy2.$Proxy13.get(Unknown Source)
	at Test_Package.TC_21_remove_items_that_have_a_price_less_Performance.add_all_items(TC_21_remove_items_that_have_a_price_less_Performance.java:33)
	at java.base/java.util.ArrayList.forEach(ArrayList.java:1511)
... Removed 30 stack frames</div></td></tr></table><p class="totop"><a href="#summary">back to summary</a></p>
<h3 id="m9">Test_Package.TC_22_Checkout_button_Performance#add_all_items</h3><table class="result"><tr><th>Exception</th></tr><tr><td><div class="stacktrace">org.openqa.selenium.NoSuchElementException: no such element: Unable to locate element: {&quot;method&quot;:&quot;xpath&quot;,&quot;selector&quot;:&quot;//button[@name=&apos;checkout&apos;]&quot;}
  (Session info: chrome=114.0.5735.110)
For documentation on this error, please visit: https://www.seleniumhq.org/exceptions/no_such_element.html
Build info: version: &apos;3.141.59&apos;, revision: &apos;e82be7d358&apos;, time: &apos;2018-11-14T08:17:03&apos;
System info: host: &apos;LAPWINX-DAC94&apos;, ip: &apos;192.168.18.42&apos;, os.name: &apos;Windows 10&apos;, os.arch: &apos;amd64&apos;, os.version: &apos;10.0&apos;, java.version: &apos;17.0.6&apos;
Driver info: org.openqa.selenium.chrome.ChromeDriver
Capabilities {acceptInsecureCerts: false, browserName: chrome, browserVersion: 114.0.5735.110, chrome: {chromedriverVersion: 114.0.5735.90 (386bc09e8f4f..., userDataDir: C:\Users\SREERA~1\AppData\L...}, goog:chromeOptions: {debuggerAddress: localhost:52872}, javascriptEnabled: true, networkConnectionEnabled: false, pageLoadStrategy: normal, platform: WINDOWS, platformName: WINDOWS, proxy: Proxy(), setWindowRect: true, strictFileInteractability: false, timeouts: {implicit: 0, pageLoad: 300000, script: 30000}, unhandledPromptBehavior: dismiss and notify, webauthn:extension:credBlob: true, webauthn:extension:largeBlob: true, webauthn:extension:minPinLength: true, webauthn:extension:prf: true, webauthn:virtualAuthenticators: true}
Session ID: 03d83cfb5b31d3f692784bb674522754
*** Element info: {Using=xpath, value=//button[@name=&apos;checkout&apos;]}
	at org.openqa.selenium.remote.http.W3CHttpResponseCodec.createException(W3CHttpResponseCodec.java:187)
	at org.openqa.selenium.remote.http.W3CHttpResponseCodec.decode(W3CHttpResponseCodec.java:122)
	at org.openqa.selenium.remote.http.W3CHttpResponseCodec.decode(W3CHttpResponseCodec.java:49)
	at org.openqa.selenium.remote.HttpCommandExecutor.execute(HttpCommandExecutor.java:158)
	at org.openqa.selenium.remote.service.DriverCommandExecutor.execute(DriverCommandExecutor.java:83)
	at org.openqa.selenium.remote.RemoteWebDriver.execute(RemoteWebDriver.java:552)
	at org.openqa.selenium.remote.RemoteWebDriver.findElement(RemoteWebDriver.java:323)
	at org.openqa.selenium.remote.RemoteWebDriver.findElementByXPath(RemoteWebDriver.java:428)
	at org.openqa.selenium.By$ByXPath.findElement(By.java:353)
	at org.openqa.selenium.remote.RemoteWebDriver.findElement(RemoteWebDriver.java:315)
	at org.openqa.selenium.support.pagefactory.DefaultElementLocator.findElement(DefaultElementLocator.java:69)
	at org.openqa.selenium.support.pagefactory.internal.LocatingElementHandler.invoke(LocatingElementHandler.java:38)
	at jdk.proxy2/jdk.proxy2.$Proxy12.click(Unknown Source)
	at Test_Package.TC_22_Checkout_button_Performance.add_all_items(TC_22_Checkout_button_Performance.java:30)
	at java.base/java.util.ArrayList.forEach(ArrayList.java:1511)
... Removed 32 stack frames</div></td></tr></table><p class="totop"><a href="#summary">back to summary</a></p>
<h3 id="m10">Test_Package.TC_23_Information_Page_Enter_Details_Performance#Information_Page_Enter_Details</h3><table class="result"><tr><th>Exception</th></tr><tr><td><div class="stacktrace">org.openqa.selenium.TimeoutException: Expected condition failed: waiting for element to be clickable: Proxy element for: DefaultElementLocator &apos;By.xpath: //button[@name=&apos;finish&apos;]&apos; (tried for 20 second(s) with 500 milliseconds interval)
	at org.openqa.selenium.support.ui.WebDriverWait.timeoutException(WebDriverWait.java:95)
	at org.openqa.selenium.support.ui.FluentWait.until(FluentWait.java:272)
	at Test_Package.TC_23_Information_Page_Enter_Details_Performance.Information_Page_Enter_Details(TC_23_Information_Page_Enter_Details_Performance.java:27)
	at java.base/java.util.ArrayList.forEach(ArrayList.java:1511)
Caused by: org.openqa.selenium.NoSuchElementException: no such element: Unable to locate element: {&quot;method&quot;:&quot;xpath&quot;,&quot;selector&quot;:&quot;//button[@name=&apos;finish&apos;]&quot;}
  (Session info: chrome=114.0.5735.110)
For documentation on this error, please visit: https://www.seleniumhq.org/exceptions/no_such_element.html
Build info: version: &apos;3.141.59&apos;, revision: &apos;e82be7d358&apos;, time: &apos;2018-11-14T08:17:03&apos;
System info: host: &apos;LAPWINX-DAC94&apos;, ip: &apos;192.168.18.42&apos;, os.name: &apos;Windows 10&apos;, os.arch: &apos;amd64&apos;, os.version: &apos;10.0&apos;, java.version: &apos;17.0.6&apos;
Driver info: org.openqa.selenium.chrome.ChromeDriver
Capabilities {acceptInsecureCerts: false, browserName: chrome, browserVersion: 114.0.5735.110, chrome: {chromedriverVersion: 114.0.5735.90 (386bc09e8f4f..., userDataDir: C:\Users\SREERA~1\AppData\L...}, goog:chromeOptions: {debuggerAddress: localhost:52872}, javascriptEnabled: true, networkConnectionEnabled: false, pageLoadStrategy: normal, platform: WINDOWS, platformName: WINDOWS, proxy: Proxy(), setWindowRect: true, strictFileInteractability: false, timeouts: {implicit: 0, pageLoad: 300000, script: 30000}, unhandledPromptBehavior: dismiss and notify, webauthn:extension:credBlob: true, webauthn:extension:largeBlob: true, webauthn:extension:minPinLength: true, webauthn:extension:prf: true, webauthn:virtualAuthenticators: true}
Session ID: 03d83cfb5b31d3f692784bb674522754
*** Element info: {Using=xpath, value=//button[@name=&apos;finish&apos;]}
	at org.openqa.selenium.remote.http.W3CHttpResponseCodec.createException(W3CHttpResponseCodec.java:187)
	at org.openqa.selenium.remote.http.W3CHttpResponseCodec.decode(W3CHttpResponseCodec.java:122)
	at org.openqa.selenium.remote.http.W3CHttpResponseCodec.decode(W3CHttpResponseCodec.java:49)
	at org.openqa.selenium.remote.HttpCommandExecutor.execute(HttpCommandExecutor.java:158)
	at org.openqa.selenium.remote.service.DriverCommandExecutor.execute(DriverCommandExecutor.java:83)
	at org.openqa.selenium.remote.RemoteWebDriver.execute(RemoteWebDriver.java:552)
	at org.openqa.selenium.remote.RemoteWebDriver.findElement(RemoteWebDriver.java:323)
	at org.openqa.selenium.remote.RemoteWebDriver.findElementByXPath(RemoteWebDriver.java:428)
	at org.openqa.selenium.By$ByXPath.findElement(By.java:353)
	at org.openqa.selenium.remote.RemoteWebDriver.findElement(RemoteWebDriver.java:315)
	at org.openqa.selenium.support.pagefactory.DefaultElementLocator.findElement(DefaultElementLocator.java:69)
	at org.openqa.selenium.support.pagefactory.internal.LocatingElementHandler.invoke(LocatingElementHandler.java:38)
	at jdk.proxy2/jdk.proxy2.$Proxy12.isDisplayed(Unknown Source)
	at org.openqa.selenium.support.ui.ExpectedConditions.elementIfVisible(ExpectedConditions.java:314)
	at org.openqa.selenium.support.ui.ExpectedConditions.access$000(ExpectedConditions.java:43)
	at org.openqa.selenium.support.ui.ExpectedConditions$10.apply(ExpectedConditions.java:300)
	at org.openqa.selenium.support.ui.ExpectedConditions$10.apply(ExpectedConditions.java:297)
	at org.openqa.selenium.support.ui.ExpectedConditions$23.apply(ExpectedConditions.java:670)
	at org.openqa.selenium.support.ui.ExpectedConditions$23.apply(ExpectedConditions.java:666)
	at org.openqa.selenium.support.ui.FluentWait.until(FluentWait.java:249)
	... 29 more
... Removed 32 stack frames</div></td></tr></table><p class="totop"><a href="#summary">back to summary</a></p>
<h3 id="m11">Test_Package.TC_01_Login_with_Blank_UserName_and_Blank_Password#Login_with_Blank_UserName_and_Blank_Password</h3><table class="result"><tr><th class="invisible"/></tr></table><p class="totop"><a href="#summary">back to summary</a></p>
<h3 id="m12">Test_Package.TC_02_Login_with_Blank_UserName_and_Password#Login_with_Blank_UserName_and_Blank_Password</h3><table class="result"><tr><th class="invisible"/></tr></table><p class="totop"><a href="#summary">back to summary</a></p>
<h3 id="m13">Test_Package.TC_04_Login_with_Wrong_UserName_and_Wrong_Password#Login_with_Wrong_UserName_and_Wrong_Password</h3><table class="result"><tr><th class="invisible"/></tr></table><p class="totop"><a href="#summary">back to summary</a></p>
<h3 id="m14">Test_Package.TC_06_1_Login_with_Locked_UserName#Login_with_Locked_UserName</h3><table class="result"><tr><th class="invisible"/></tr></table><p class="totop"><a href="#summary">back to summary</a></p>
<h3 id="m15">Test_Package.TC_08_Sort_the_products_in_price_low_to_high_order#Sort_the_products_in_price_low_to_high_order</h3><table class="result"><tr><th class="invisible"/></tr></table><p class="totop"><a href="#summary">back to summary</a></p>
<h3 id="m16">Test_Package.TC_09_Add_all_items#Add_all_items</h3><table class="result"><tr><th class="invisible"/></tr></table><p class="totop"><a href="#summary">back to summary</a></p>
<h3 id="m17">Test_Package.TC_10_remove_items_that_have_a_price_less#add_all_items</h3><table class="result"><tr><th class="invisible"/></tr></table><p class="totop"><a href="#summary">back to summary</a></p>
<h3 id="m18">Test_Package.TC_11_Checkout_button#add_all_items</h3><table class="result"><tr><th class="invisible"/></tr></table><p class="totop"><a href="#summary">back to summary</a></p>
<h3 id="m19">Test_Package.TC_12_Information_Page_Enter_Details#Information_Page_Enter_Details</h3><table class="result"><tr><th class="invisible"/></tr></table><p class="totop"><a href="#summary">back to summary</a></p>
<h3 id="m20">Test_Package.TC_13_Login_with_problem_user#Login_with_valid_UserName_and_Valid_Password</h3><table class="result"><tr><th class="invisible"/></tr></table><p class="totop"><a href="#summary">back to summary</a></p>
<h3 id="m21">Test_Package.TC_16_remove_items_that_have_a_price_less#remove_items_that_have_a_price_less</h3><table class="result"><tr><th class="invisible"/></tr></table><p class="totop"><a href="#summary">back to summary</a></p>
<h3 id="m22">Test_Package.TC_18_Login_with_performance_glitch_user#Login_with_valid_UserName_and_Valid_Password</h3><table class="result"><tr><th class="invisible"/></tr></table><p class="totop"><a href="#summary">back to summary</a></p>
<h3 id="m23">Test_Package.TC_19_Sort_the_products_in_price_low_to_high_order_perfromance#Sort_the_products_in_price_low_to_high_order_perfromance</h3><table class="result"><tr><th class="invisible"/></tr></table><p class="totop"><a href="#summary">back to summary</a></p>
</body>
</html>
